<?xml version="1.0" encoding="UTF-8"?>
<testsuite xmlns:xsi="http://www.w3.org/2001/XMLSchema-instance" xsi:noNamespaceSchemaLocation="https://maven.apache.org/surefire/maven-surefire-plugin/xsd/surefire-test-report.xsd" name="com.cg.test.TestByProductName" time="0.201" tests="4" errors="0" skipped="0" failures="0">
  <properties>
[...]
</properties>
  <testcase name="testsearch1" classname="com.cg.test.TestByProductName" time="0.135"/>
  <testcase name="testsearch2" classname="com.cg.test.TestByProductName" time="0.009"/>
  <testcase name="testsearch3" classname="com.cg.test.TestByProductName" time="0.006"/>
  <testcase name="testsearch4" classname="com.cg.test.TestByProductName" time="0.009"/>
</testsuite>